c:\stl\junios\201906\network\day22\server_select\server\debug\vc141.pdb
c:\stl\junios\201906\network\day22\server_select\server\debug\vc141.idb
c:\stl\junios\201906\network\day22\server_select\server\debug\main.obj
c:\stl\junios\201906\network\day22_2\server_select\server\debug\vc141.pdb
c:\stl\junios\201906\network\day22_2\server_select\server\debug\vc141.idb
c:\stl\junios\201906\network\day22_2\server_select\server\debug\main.obj
c:\stl\junios\201906\network\day22_2\server_select\server\debug\player.obj
c:\stl\junios\201906\network\day22_2\server_select\server\debug\packetmaker.obj
c:\oboone\network\day04\server_select\server\debug\vc141.pdb
c:\oboone\network\day04\server_select\server\debug\vc141.idb
c:\oboone\network\day04\server_select\server\debug\player.obj
c:\oboone\network\day04\server_select\server\debug\packetmaker.obj
c:\oboone\network\day04\server_select\server\debug\main.obj
c:\stl\junios\201906\network\day22\server_select\debug\server.exe
c:\stl\junios\201906\network\day22\server_select\debug\server.ilk
c:\stl\junios\201906\network\day22\server_select\debug\server.pdb
c:\stl\junios\201906\network\day22_2\server_select\debug\server.exe
c:\stl\junios\201906\network\day22_2\server_select\debug\server.ilk
c:\stl\junios\201906\network\day22_2\server_select\debug\server.pdb
c:\oboone\network\day04\server_select\debug\server.ilk
c:\oboone\network\day04\server_select\debug\server.exe
c:\oboone\network\day04\server_select\debug\server.pdb
c:\oboone\network\day04\server_select\server\debug\server.tlog\cl.command.1.tlog
c:\oboone\network\day04\server_select\server\debug\server.tlog\cl.read.1.tlog
c:\oboone\network\day04\server_select\server\debug\server.tlog\cl.write.1.tlog
c:\oboone\network\day04\server_select\server\debug\server.tlog\link.command.1.tlog
c:\oboone\network\day04\server_select\server\debug\server.tlog\link.read.1.tlog
c:\oboone\network\day04\server_select\server\debug\server.tlog\link.write.1.tlog
